<?xml version="1.0" encoding="UTF-8"?>
<testsuite xmlns:xsi="http://www.w3.org/2001/XMLSchema-instance" xsi:noNamespaceSchemaLocation="https://maven.apache.org/surefire/maven-failsafe-plugin/xsd/failsafe-test-report.xsd" name="TestSuite" time="10.565" tests="0" errors="0" skipped="0" failures="0">
  <properties>
    <property name="awt.toolkit" value="sun.awt.X11.XToolkit"/>
    <property name="java.specification.version" value="11"/>
    <property name="sun.cpu.isalist" value=""/>
    <property name="sun.jnu.encoding" value="UTF-8"/>
    <property name="java.class.path" value="/home/auto/Documentos/sym/target/test-classes:/home/auto/Documentos/sym/target/web-automation-example-0.0.1-SNAPSHOT.jar:/home/auto/.m2/repository/org/seleniumhq/selenium/selenium-java/4.8.0/selenium-java-4.8.0.jar:/home/auto/.m2/repository/org/seleniumhq/selenium/selenium-api/4.8.0/selenium-api-4.8.0.jar:/home/auto/.m2/repository/org/seleniumhq/selenium/selenium-chrome-driver/4.8.0/selenium-chrome-driver-4.8.0.jar:/home/auto/.m2/repository/com/google/auto/service/auto-service-annotations/1.0.1/auto-service-annotations-1.0.1.jar:/home/auto/.m2/repository/com/google/auto/service/auto-service/1.0.1/auto-service-1.0.1.jar:/home/auto/.m2/repository/com/google/auto/auto-common/1.2/auto-common-1.2.jar:/home/auto/.m2/repository/com/google/guava/guava/31.1-jre/guava-31.1-jre.jar:/home/auto/.m2/repository/com/google/guava/failureaccess/1.0.1/failureaccess-1.0.1.jar:/home/auto/.m2/repository/com/google/guava/listenablefuture/9999.0-empty-to-avoid-conflict-with-guava/listenablefuture-9999.0-empty-to-avoid-conflict-with-guava.jar:/home/auto/.m2/repository/com/google/code/findbugs/jsr305/3.0.2/jsr305-3.0.2.jar:/home/auto/.m2/repository/com/google/errorprone/error_prone_annotations/2.11.0/error_prone_annotations-2.11.0.jar:/home/auto/.m2/repository/com/google/j2objc/j2objc-annotations/1.3/j2objc-annotations-1.3.jar:/home/auto/.m2/repository/org/seleniumhq/selenium/selenium-chromium-driver/4.8.0/selenium-chromium-driver-4.8.0.jar:/home/auto/.m2/repository/org/seleniumhq/selenium/selenium-json/4.8.0/selenium-json-4.8.0.jar:/home/auto/.m2/repository/org/seleniumhq/selenium/selenium-devtools-v107/4.8.0/selenium-devtools-v107-4.8.0.jar:/home/auto/.m2/repository/org/seleniumhq/selenium/selenium-devtools-v108/4.8.0/selenium-devtools-v108-4.8.0.jar:/home/auto/.m2/repository/org/seleniumhq/selenium/selenium-devtools-v109/4.8.0/selenium-devtools-v109-4.8.0.jar:/home/auto/.m2/repository/org/seleniumhq/selenium/selenium-devtools-v85/4.8.0/selenium-devtools-v85-4.8.0.jar:/home/auto/.m2/repository/org/seleniumhq/selenium/selenium-edge-driver/4.8.0/selenium-edge-driver-4.8.0.jar:/home/auto/.m2/repository/org/seleniumhq/selenium/selenium-firefox-driver/4.8.0/selenium-firefox-driver-4.8.0.jar:/home/auto/.m2/repository/org/seleniumhq/selenium/selenium-http/4.8.0/selenium-http-4.8.0.jar:/home/auto/.m2/repository/dev/failsafe/failsafe/3.3.0/failsafe-3.3.0.jar:/home/auto/.m2/repository/org/seleniumhq/selenium/selenium-ie-driver/4.8.0/selenium-ie-driver-4.8.0.jar:/home/auto/.m2/repository/org/seleniumhq/selenium/selenium-remote-driver/4.8.0/selenium-remote-driver-4.8.0.jar:/home/auto/.m2/repository/io/netty/netty-buffer/4.1.87.Final/netty-buffer-4.1.87.Final.jar:/home/auto/.m2/repository/io/netty/netty-codec-http/4.1.87.Final/netty-codec-http-4.1.87.Final.jar:/home/auto/.m2/repository/io/netty/netty-codec/4.1.87.Final/netty-codec-4.1.87.Final.jar:/home/auto/.m2/repository/io/netty/netty-handler/4.1.87.Final/netty-handler-4.1.87.Final.jar:/home/auto/.m2/repository/io/netty/netty-common/4.1.87.Final/netty-common-4.1.87.Final.jar:/home/auto/.m2/repository/io/netty/netty-transport-classes-epoll/4.1.87.Final/netty-transport-classes-epoll-4.1.87.Final.jar:/home/auto/.m2/repository/io/netty/netty-transport-classes-kqueue/4.1.87.Final/netty-transport-classes-kqueue-4.1.87.Final.jar:/home/auto/.m2/repository/io/netty/netty-transport-native-epoll/4.1.87.Final/netty-transport-native-epoll-4.1.87.Final.jar:/home/auto/.m2/repository/io/netty/netty-transport-native-kqueue/4.1.87.Final/netty-transport-native-kqueue-4.1.87.Final.jar:/home/auto/.m2/repository/io/netty/netty-transport-native-unix-common/4.1.87.Final/netty-transport-native-unix-common-4.1.87.Final.jar:/home/auto/.m2/repository/io/netty/netty-transport/4.1.87.Final/netty-transport-4.1.87.Final.jar:/home/auto/.m2/repository/io/netty/netty-resolver/4.1.87.Final/netty-resolver-4.1.87.Final.jar:/home/auto/.m2/repository/io/opentelemetry/opentelemetry-api/1.22.0/opentelemetry-api-1.22.0.jar:/home/auto/.m2/repository/io/opentelemetry/opentelemetry-context/1.22.0/opentelemetry-context-1.22.0.jar:/home/auto/.m2/repository/io/opentelemetry/opentelemetry-exporter-logging/1.22.0/opentelemetry-exporter-logging-1.22.0.jar:/home/auto/.m2/repository/io/opentelemetry/opentelemetry-sdk-metrics/1.22.0/opentelemetry-sdk-metrics-1.22.0.jar:/home/auto/.m2/repository/io/opentelemetry/opentelemetry-sdk-logs/1.22.0-alpha/opentelemetry-sdk-logs-1.22.0-alpha.jar:/home/auto/.m2/repository/io/opentelemetry/opentelemetry-api-logs/1.22.0-alpha/opentelemetry-api-logs-1.22.0-alpha.jar:/home/auto/.m2/repository/io/opentelemetry/opentelemetry-sdk-common/1.22.0/opentelemetry-sdk-common-1.22.0.jar:/home/auto/.m2/repository/io/opentelemetry/opentelemetry-sdk-extension-autoconfigure-spi/1.22.0/opentelemetry-sdk-extension-autoconfigure-spi-1.22.0.jar:/home/auto/.m2/repository/io/opentelemetry/opentelemetry-sdk-extension-autoconfigure/1.22.0-alpha/opentelemetry-sdk-extension-autoconfigure-1.22.0-alpha.jar:/home/auto/.m2/repository/io/opentelemetry/opentelemetry-sdk-trace/1.22.0/opentelemetry-sdk-trace-1.22.0.jar:/home/auto/.m2/repository/io/opentelemetry/opentelemetry-sdk/1.22.0/opentelemetry-sdk-1.22.0.jar:/home/auto/.m2/repository/io/opentelemetry/opentelemetry-semconv/1.22.0-alpha/opentelemetry-semconv-1.22.0-alpha.jar:/home/auto/.m2/repository/io/ous/jtoml/2.0.0/jtoml-2.0.0.jar:/home/auto/.m2/repository/net/bytebuddy/byte-buddy/1.12.22/byte-buddy-1.12.22.jar:/home/auto/.m2/repository/org/apache/commons/commons-exec/1.3/commons-exec-1.3.jar:/home/auto/.m2/repository/org/asynchttpclient/async-http-client/2.12.3/async-http-client-2.12.3.jar:/home/auto/.m2/repository/org/asynchttpclient/async-http-client-netty-utils/2.12.3/async-http-client-netty-utils-2.12.3.jar:/home/auto/.m2/repository/io/netty/netty-codec-socks/4.1.60.Final/netty-codec-socks-4.1.60.Final.jar:/home/auto/.m2/repository/io/netty/netty-handler-proxy/4.1.60.Final/netty-handler-proxy-4.1.60.Final.jar:/home/auto/.m2/repository/io/netty/netty-transport-native-epoll/4.1.60.Final/netty-transport-native-epoll-4.1.60.Final-linux-x86_64.jar:/home/auto/.m2/repository/io/netty/netty-transport-native-kqueue/4.1.60.Final/netty-transport-native-kqueue-4.1.60.Final-osx-x86_64.jar:/home/auto/.m2/repository/org/reactivestreams/reactive-streams/1.0.3/reactive-streams-1.0.3.jar:/home/auto/.m2/repository/com/typesafe/netty/netty-reactive-streams/2.0.4/netty-reactive-streams-2.0.4.jar:/home/auto/.m2/repository/com/sun/activation/jakarta.activation/1.2.2/jakarta.activation-1.2.2.jar:/home/auto/.m2/repository/org/seleniumhq/selenium/selenium-manager/4.8.0/selenium-manager-4.8.0.jar:/home/auto/.m2/repository/org/seleniumhq/selenium/selenium-safari-driver/4.8.0/selenium-safari-driver-4.8.0.jar:/home/auto/.m2/repository/org/seleniumhq/selenium/selenium-support/4.8.0/selenium-support-4.8.0.jar:/home/auto/.m2/repository/org/testng/testng/7.7.1/testng-7.7.1.jar:/home/auto/.m2/repository/org/slf4j/slf4j-api/1.7.36/slf4j-api-1.7.36.jar:/home/auto/.m2/repository/com/beust/jcommander/1.82/jcommander-1.82.jar:/home/auto/.m2/repository/org/webjars/jquery/3.6.1/jquery-3.6.1.jar:/home/auto/.m2/repository/com/everis/continuous-testing/web-automation/4.0.3-SNAPSHOT/web-automation-4.0.3-SNAPSHOT.jar:/home/auto/.m2/repository/org/springframework/boot/spring-boot-starter/2.6.3/spring-boot-starter-2.6.3.jar:/home/auto/.m2/repository/org/springframework/boot/spring-boot/2.6.3/spring-boot-2.6.3.jar:/home/auto/.m2/repository/org/springframework/spring-context/5.3.15/spring-context-5.3.15.jar:/home/auto/.m2/repository/org/springframework/spring-aop/5.3.15/spring-aop-5.3.15.jar:/home/auto/.m2/repository/org/springframework/spring-expression/5.3.15/spring-expression-5.3.15.jar:/home/auto/.m2/repository/org/springframework/boot/spring-boot-autoconfigure/2.6.3/spring-boot-autoconfigure-2.6.3.jar:/home/auto/.m2/repository/org/springframework/boot/spring-boot-starter-logging/2.6.3/spring-boot-starter-logging-2.6.3.jar:/home/auto/.m2/repository/ch/qos/logback/logback-classic/1.2.10/logback-classic-1.2.10.jar:/home/auto/.m2/repository/ch/qos/logback/logback-core/1.2.10/logback-core-1.2.10.jar:/home/auto/.m2/repository/org/apache/logging/log4j/log4j-to-slf4j/2.17.1/log4j-to-slf4j-2.17.1.jar:/home/auto/.m2/repository/org/slf4j/jul-to-slf4j/1.7.33/jul-to-slf4j-1.7.33.jar:/home/auto/.m2/repository/jakarta/annotation/jakarta.annotation-api/1.3.5/jakarta.annotation-api-1.3.5.jar:/home/auto/.m2/repository/org/springframework/spring-core/5.3.15/spring-core-5.3.15.jar:/home/auto/.m2/repository/org/springframework/spring-jcl/5.3.15/spring-jcl-5.3.15.jar:/home/auto/.m2/repository/org/yaml/snakeyaml/1.29/snakeyaml-1.29.jar:/home/auto/.m2/repository/org/springframework/boot/spring-boot-starter-test/2.6.3/spring-boot-starter-test-2.6.3.jar:/home/auto/.m2/repository/org/springframework/boot/spring-boot-test/2.6.3/spring-boot-test-2.6.3.jar:/home/auto/.m2/repository/org/springframework/boot/spring-boot-test-autoconfigure/2.6.3/spring-boot-test-autoconfigure-2.6.3.jar:/home/auto/.m2/repository/com/jayway/jsonpath/json-path/2.6.0/json-path-2.6.0.jar:/home/auto/.m2/repository/net/minidev/json-smart/2.4.7/json-smart-2.4.7.jar:/home/auto/.m2/repository/net/minidev/accessors-smart/2.4.7/accessors-smart-2.4.7.jar:/home/auto/.m2/repository/org/ow2/asm/asm/9.1/asm-9.1.jar:/home/auto/.m2/repository/jakarta/xml/bind/jakarta.xml.bind-api/2.3.3/jakarta.xml.bind-api-2.3.3.jar:/home/auto/.m2/repository/jakarta/activation/jakarta.activation-api/1.2.2/jakarta.activation-api-1.2.2.jar:/home/auto/.m2/repository/org/assertj/assertj-core/3.21.0/assertj-core-3.21.0.jar:/home/auto/.m2/repository/org/hamcrest/hamcrest/2.2/hamcrest-2.2.jar:/home/auto/.m2/repository/org/mockito/mockito-core/4.0.0/mockito-core-4.0.0.jar:/home/auto/.m2/repository/net/bytebuddy/byte-buddy-agent/1.11.19/byte-buddy-agent-1.11.19.jar:/home/auto/.m2/repository/org/objenesis/objenesis/3.2/objenesis-3.2.jar:/home/auto/.m2/repository/org/mockito/mockito-junit-jupiter/4.0.0/mockito-junit-jupiter-4.0.0.jar:/home/auto/.m2/repository/org/junit/jupiter/junit-jupiter-api/5.8.1/junit-jupiter-api-5.8.1.jar:/home/auto/.m2/repository/org/opentest4j/opentest4j/1.2.0/opentest4j-1.2.0.jar:/home/auto/.m2/repository/org/junit/platform/junit-platform-commons/1.8.1/junit-platform-commons-1.8.1.jar:/home/auto/.m2/repository/org/skyscreamer/jsonassert/1.5.0/jsonassert-1.5.0.jar:/home/auto/.m2/repository/com/vaadin/external/google/android-json/0.0.20131108.vaadin1/android-json-0.0.20131108.vaadin1.jar:/home/auto/.m2/repository/org/springframework/spring-test/5.3.15/spring-test-5.3.15.jar:/home/auto/.m2/repository/org/xmlunit/xmlunit-core/2.8.4/xmlunit-core-2.8.4.jar:/home/auto/.m2/repository/org/springframework/boot/spring-boot-starter-jdbc/2.6.3/spring-boot-starter-jdbc-2.6.3.jar:/home/auto/.m2/repository/com/zaxxer/HikariCP/4.0.3/HikariCP-4.0.3.jar:/home/auto/.m2/repository/org/springframework/spring-jdbc/5.3.15/spring-jdbc-5.3.15.jar:/home/auto/.m2/repository/org/springframework/spring-beans/5.3.15/spring-beans-5.3.15.jar:/home/auto/.m2/repository/org/springframework/spring-tx/5.3.15/spring-tx-5.3.15.jar:/home/auto/.m2/repository/org/postgresql/postgresql/42.3.1/postgresql-42.3.1.jar:/home/auto/.m2/repository/org/checkerframework/checker-qual/3.5.0/checker-qual-3.5.0.jar:/home/auto/.m2/repository/io/rest-assured/rest-assured/4.5.1/rest-assured-4.5.1.jar:/home/auto/.m2/repository/org/codehaus/groovy/groovy/3.0.9/groovy-3.0.9.jar:/home/auto/.m2/repository/org/codehaus/groovy/groovy-xml/3.0.9/groovy-xml-3.0.9.jar:/home/auto/.m2/repository/org/apache/httpcomponents/httpclient/4.5.13/httpclient-4.5.13.jar:/home/auto/.m2/repository/org/apache/httpcomponents/httpcore/4.4.13/httpcore-4.4.13.jar:/home/auto/.m2/repository/commons-logging/commons-logging/1.2/commons-logging-1.2.jar:/home/auto/.m2/repository/commons-codec/commons-codec/1.11/commons-codec-1.11.jar:/home/auto/.m2/repository/org/apache/httpcomponents/httpmime/4.5.13/httpmime-4.5.13.jar:/home/auto/.m2/repository/org/ccil/cowan/tagsoup/tagsoup/1.2.1/tagsoup-1.2.1.jar:/home/auto/.m2/repository/io/rest-assured/json-path/4.5.1/json-path-4.5.1.jar:/home/auto/.m2/repository/org/codehaus/groovy/groovy-json/3.0.9/groovy-json-3.0.9.jar:/home/auto/.m2/repository/io/rest-assured/rest-assured-common/4.5.1/rest-assured-common-4.5.1.jar:/home/auto/.m2/repository/io/rest-assured/xml-path/4.5.1/xml-path-4.5.1.jar:/home/auto/.m2/repository/org/apache/commons/commons-lang3/3.11/commons-lang3-3.11.jar:/home/auto/.m2/repository/io/cucumber/cucumber-java/7.2.3/cucumber-java-7.2.3.jar:/home/auto/.m2/repository/io/cucumber/cucumber-core/7.2.3/cucumber-core-7.2.3.jar:/home/auto/.m2/repository/io/cucumber/cucumber-gherkin/7.2.3/cucumber-gherkin-7.2.3.jar:/home/auto/.m2/repository/io/cucumber/cucumber-gherkin-messages/7.2.3/cucumber-gherkin-messages-7.2.3.jar:/home/auto/.m2/repository/io/cucumber/messages/17.1.1/messages-17.1.1.jar:/home/auto/.m2/repository/io/cucumber/tag-expressions/4.1.0/tag-expressions-4.1.0.jar:/home/auto/.m2/repository/io/cucumber/cucumber-expressions/15.0.1/cucumber-expressions-15.0.1.jar:/home/auto/.m2/repository/io/cucumber/datatable/7.2.3/datatable-7.2.3.jar:/home/auto/.m2/repository/io/cucumber/cucumber-plugin/7.2.3/cucumber-plugin-7.2.3.jar:/home/auto/.m2/repository/io/cucumber/docstring/7.2.3/docstring-7.2.3.jar:/home/auto/.m2/repository/io/cucumber/html-formatter/17.0.0/html-formatter-17.0.0.jar:/home/auto/.m2/repository/io/cucumber/ci-environment/8.1.0/ci-environment-8.1.0.jar:/home/auto/.m2/repository/org/apiguardian/apiguardian-api/1.1.2/apiguardian-api-1.1.2.jar:/home/auto/.m2/repository/io/cucumber/cucumber-junit/7.2.3/cucumber-junit-7.2.3.jar:/home/auto/.m2/repository/junit/junit/4.13.2/junit-4.13.2.jar:/home/auto/.m2/repository/org/hamcrest/hamcrest-core/1.3/hamcrest-core-1.3.jar:/home/auto/.m2/repository/io/cucumber/cucumber-spring/7.2.3/cucumber-spring-7.2.3.jar:/home/auto/.m2/repository/org/springframework/spring-aspects/5.3.15/spring-aspects-5.3.15.jar:/home/auto/.m2/repository/org/aspectj/aspectjweaver/1.9.7/aspectjweaver-1.9.7.jar:/home/auto/.m2/repository/org/apache/poi/poi-ooxml/5.1.0/poi-ooxml-5.1.0.jar:/home/auto/.m2/repository/org/apache/poi/poi/5.1.0/poi-5.1.0.jar:/home/auto/.m2/repository/org/apache/commons/commons-math3/3.6.1/commons-math3-3.6.1.jar:/home/auto/.m2/repository/com/zaxxer/SparseBitSet/1.2/SparseBitSet-1.2.jar:/home/auto/.m2/repository/org/apache/poi/poi-ooxml-lite/5.1.0/poi-ooxml-lite-5.1.0.jar:/home/auto/.m2/repository/org/apache/xmlbeans/xmlbeans/5.0.2/xmlbeans-5.0.2.jar:/home/auto/.m2/repository/org/apache/commons/commons-compress/1.21/commons-compress-1.21.jar:/home/auto/.m2/repository/commons-io/commons-io/2.11.0/commons-io-2.11.0.jar:/home/auto/.m2/repository/com/github/virtuald/curvesapi/1.06/curvesapi-1.06.jar:/home/auto/.m2/repository/org/apache/logging/log4j/log4j-api/2.14.1/log4j-api-2.14.1.jar:/home/auto/.m2/repository/org/apache/commons/commons-collections4/4.4/commons-collections4-4.4.jar:/home/auto/.m2/repository/tech/grasshopper/extentreports-cucumber6-adapter/2.8.2/extentreports-cucumber6-adapter-2.8.2.jar:/home/auto/.m2/repository/com/aventstack/extentreports/5.0.6/extentreports-5.0.6.jar:/home/auto/.m2/repository/io/reactivex/rxjava3/rxjava/3.0.4/rxjava-3.0.4.jar:/home/auto/.m2/repository/org/freemarker/freemarker/2.3.30/freemarker-2.3.30.jar:/home/auto/.m2/repository/org/projectlombok/lombok/1.18.12/lombok-1.18.12.jar:/home/auto/.m2/repository/com/google/code/gson/gson/2.8.6/gson-2.8.6.jar:/home/auto/.m2/repository/tech/grasshopper/extent-pdf-report/1.7.2/extent-pdf-report-1.7.2.jar:/home/auto/.m2/repository/tech/grasshopper/cucumber-pdf-report/2.2.3/cucumber-pdf-report-2.2.3.jar:/home/auto/.m2/repository/org/apache/pdfbox/pdfbox/2.0.22/pdfbox-2.0.22.jar:/home/auto/.m2/repository/org/apache/pdfbox/fontbox/2.0.22/fontbox-2.0.22.jar:/home/auto/.m2/repository/org/knowm/xchart/xchart/3.8.0/xchart-3.8.0.jar:/home/auto/.m2/repository/de/erichseifert/vectorgraphics2d/VectorGraphics2D/0.13/VectorGraphics2D-0.13.jar:/home/auto/.m2/repository/de/rototor/pdfbox/graphics2d/0.30/graphics2d-0.30.jar:/home/auto/.m2/repository/com/madgag/animated-gif-lib/1.4/animated-gif-lib-1.4.jar:/home/auto/.m2/repository/tech/grasshopper/table-layout/1.2.0/table-layout-1.2.0.jar:/home/auto/.m2/repository/org/jsoup/jsoup/1.13.1/jsoup-1.13.1.jar:/home/auto/.m2/repository/com/aventstack/klov-reporter/5.0.6/klov-reporter-5.0.6.jar:/home/auto/.m2/repository/org/mongodb/bson/3.6.4/bson-3.6.4.jar:/home/auto/.m2/repository/org/mongodb/mongodb-driver/3.3.0/mongodb-driver-3.3.0.jar:/home/auto/.m2/repository/org/mongodb/mongodb-driver-core/3.3.0/mongodb-driver-core-3.3.0.jar:/home/auto/.m2/repository/io/qameta/allure/allure-cucumber7-jvm/2.17.3/allure-cucumber7-jvm-2.17.3.jar:/home/auto/.m2/repository/io/qameta/allure/allure-java-commons/2.17.3/allure-java-commons-2.17.3.jar:/home/auto/.m2/repository/io/qameta/allure/allure-model/2.17.3/allure-model-2.17.3.jar:/home/auto/.m2/repository/io/cucumber/gherkin/22.0.0/gherkin-22.0.0.jar:/home/auto/.m2/repository/io/cucumber/cucumber-testng/7.2.3/cucumber-testng-7.2.3.jar:/home/auto/.m2/repository/org/openpnp/opencv/4.7.0-0/opencv-4.7.0-0.jar:/home/auto/.m2/repository/org/apache/maven/surefire/surefire-testng-utils/2.22.0/surefire-testng-utils-2.22.0.jar:/home/auto/.m2/repository/org/apache/maven/surefire/surefire-grouper/2.22.0/surefire-grouper-2.22.0.jar:"/>
    <property name="java.vm.vendor" value="Ubuntu"/>
    <property name="sun.arch.data.model" value="64"/>
    <property name="java.vendor.url" value="https://ubuntu.com/"/>
    <property name="user.timezone" value=""/>
    <property name="java.vm.specification.version" value="11"/>
    <property name="os.name" value="Linux"/>
    <property name="sun.java.launcher" value="SUN_STANDARD"/>
    <property name="user.country" value="CO"/>
    <property name="sun.boot.library.path" value="/usr/lib/jvm/java-11-openjdk-amd64/lib"/>
    <property name="sun.java.command" value="/home/auto/Documentos/sym/target/surefire/surefirebooter11565460157331714050.jar /home/auto/Documentos/sym/target/surefire 2023-07-06T18-10-59_226-jvmRun1 surefire8461474310307308280tmp surefire_012533063091201437921tmp"/>
    <property name="jdk.debug" value="release"/>
    <property name="surefire.test.class.path" value="/home/auto/Documentos/sym/target/test-classes:/home/auto/Documentos/sym/target/web-automation-example-0.0.1-SNAPSHOT.jar:/home/auto/.m2/repository/org/seleniumhq/selenium/selenium-java/4.8.0/selenium-java-4.8.0.jar:/home/auto/.m2/repository/org/seleniumhq/selenium/selenium-api/4.8.0/selenium-api-4.8.0.jar:/home/auto/.m2/repository/org/seleniumhq/selenium/selenium-chrome-driver/4.8.0/selenium-chrome-driver-4.8.0.jar:/home/auto/.m2/repository/com/google/auto/service/auto-service-annotations/1.0.1/auto-service-annotations-1.0.1.jar:/home/auto/.m2/repository/com/google/auto/service/auto-service/1.0.1/auto-service-1.0.1.jar:/home/auto/.m2/repository/com/google/auto/auto-common/1.2/auto-common-1.2.jar:/home/auto/.m2/repository/com/google/guava/guava/31.1-jre/guava-31.1-jre.jar:/home/auto/.m2/repository/com/google/guava/failureaccess/1.0.1/failureaccess-1.0.1.jar:/home/auto/.m2/repository/com/google/guava/listenablefuture/9999.0-empty-to-avoid-conflict-with-guava/listenablefuture-9999.0-empty-to-avoid-conflict-with-guava.jar:/home/auto/.m2/repository/com/google/code/findbugs/jsr305/3.0.2/jsr305-3.0.2.jar:/home/auto/.m2/repository/com/google/errorprone/error_prone_annotations/2.11.0/error_prone_annotations-2.11.0.jar:/home/auto/.m2/repository/com/google/j2objc/j2objc-annotations/1.3/j2objc-annotations-1.3.jar:/home/auto/.m2/repository/org/seleniumhq/selenium/selenium-chromium-driver/4.8.0/selenium-chromium-driver-4.8.0.jar:/home/auto/.m2/repository/org/seleniumhq/selenium/selenium-json/4.8.0/selenium-json-4.8.0.jar:/home/auto/.m2/repository/org/seleniumhq/selenium/selenium-devtools-v107/4.8.0/selenium-devtools-v107-4.8.0.jar:/home/auto/.m2/repository/org/seleniumhq/selenium/selenium-devtools-v108/4.8.0/selenium-devtools-v108-4.8.0.jar:/home/auto/.m2/repository/org/seleniumhq/selenium/selenium-devtools-v109/4.8.0/selenium-devtools-v109-4.8.0.jar:/home/auto/.m2/repository/org/seleniumhq/selenium/selenium-devtools-v85/4.8.0/selenium-devtools-v85-4.8.0.jar:/home/auto/.m2/repository/org/seleniumhq/selenium/selenium-edge-driver/4.8.0/selenium-edge-driver-4.8.0.jar:/home/auto/.m2/repository/org/seleniumhq/selenium/selenium-firefox-driver/4.8.0/selenium-firefox-driver-4.8.0.jar:/home/auto/.m2/repository/org/seleniumhq/selenium/selenium-http/4.8.0/selenium-http-4.8.0.jar:/home/auto/.m2/repository/dev/failsafe/failsafe/3.3.0/failsafe-3.3.0.jar:/home/auto/.m2/repository/org/seleniumhq/selenium/selenium-ie-driver/4.8.0/selenium-ie-driver-4.8.0.jar:/home/auto/.m2/repository/org/seleniumhq/selenium/selenium-remote-driver/4.8.0/selenium-remote-driver-4.8.0.jar:/home/auto/.m2/repository/io/netty/netty-buffer/4.1.87.Final/netty-buffer-4.1.87.Final.jar:/home/auto/.m2/repository/io/netty/netty-codec-http/4.1.87.Final/netty-codec-http-4.1.87.Final.jar:/home/auto/.m2/repository/io/netty/netty-codec/4.1.87.Final/netty-codec-4.1.87.Final.jar:/home/auto/.m2/repository/io/netty/netty-handler/4.1.87.Final/netty-handler-4.1.87.Final.jar:/home/auto/.m2/repository/io/netty/netty-common/4.1.87.Final/netty-common-4.1.87.Final.jar:/home/auto/.m2/repository/io/netty/netty-transport-classes-epoll/4.1.87.Final/netty-transport-classes-epoll-4.1.87.Final.jar:/home/auto/.m2/repository/io/netty/netty-transport-classes-kqueue/4.1.87.Final/netty-transport-classes-kqueue-4.1.87.Final.jar:/home/auto/.m2/repository/io/netty/netty-transport-native-epoll/4.1.87.Final/netty-transport-native-epoll-4.1.87.Final.jar:/home/auto/.m2/repository/io/netty/netty-transport-native-kqueue/4.1.87.Final/netty-transport-native-kqueue-4.1.87.Final.jar:/home/auto/.m2/repository/io/netty/netty-transport-native-unix-common/4.1.87.Final/netty-transport-native-unix-common-4.1.87.Final.jar:/home/auto/.m2/repository/io/netty/netty-transport/4.1.87.Final/netty-transport-4.1.87.Final.jar:/home/auto/.m2/repository/io/netty/netty-resolver/4.1.87.Final/netty-resolver-4.1.87.Final.jar:/home/auto/.m2/repository/io/opentelemetry/opentelemetry-api/1.22.0/opentelemetry-api-1.22.0.jar:/home/auto/.m2/repository/io/opentelemetry/opentelemetry-context/1.22.0/opentelemetry-context-1.22.0.jar:/home/auto/.m2/repository/io/opentelemetry/opentelemetry-exporter-logging/1.22.0/opentelemetry-exporter-logging-1.22.0.jar:/home/auto/.m2/repository/io/opentelemetry/opentelemetry-sdk-metrics/1.22.0/opentelemetry-sdk-metrics-1.22.0.jar:/home/auto/.m2/repository/io/opentelemetry/opentelemetry-sdk-logs/1.22.0-alpha/opentelemetry-sdk-logs-1.22.0-alpha.jar:/home/auto/.m2/repository/io/opentelemetry/opentelemetry-api-logs/1.22.0-alpha/opentelemetry-api-logs-1.22.0-alpha.jar:/home/auto/.m2/repository/io/opentelemetry/opentelemetry-sdk-common/1.22.0/opentelemetry-sdk-common-1.22.0.jar:/home/auto/.m2/repository/io/opentelemetry/opentelemetry-sdk-extension-autoconfigure-spi/1.22.0/opentelemetry-sdk-extension-autoconfigure-spi-1.22.0.jar:/home/auto/.m2/repository/io/opentelemetry/opentelemetry-sdk-extension-autoconfigure/1.22.0-alpha/opentelemetry-sdk-extension-autoconfigure-1.22.0-alpha.jar:/home/auto/.m2/repository/io/opentelemetry/opentelemetry-sdk-trace/1.22.0/opentelemetry-sdk-trace-1.22.0.jar:/home/auto/.m2/repository/io/opentelemetry/opentelemetry-sdk/1.22.0/opentelemetry-sdk-1.22.0.jar:/home/auto/.m2/repository/io/opentelemetry/opentelemetry-semconv/1.22.0-alpha/opentelemetry-semconv-1.22.0-alpha.jar:/home/auto/.m2/repository/io/ous/jtoml/2.0.0/jtoml-2.0.0.jar:/home/auto/.m2/repository/net/bytebuddy/byte-buddy/1.12.22/byte-buddy-1.12.22.jar:/home/auto/.m2/repository/org/apache/commons/commons-exec/1.3/commons-exec-1.3.jar:/home/auto/.m2/repository/org/asynchttpclient/async-http-client/2.12.3/async-http-client-2.12.3.jar:/home/auto/.m2/repository/org/asynchttpclient/async-http-client-netty-utils/2.12.3/async-http-client-netty-utils-2.12.3.jar:/home/auto/.m2/repository/io/netty/netty-codec-socks/4.1.60.Final/netty-codec-socks-4.1.60.Final.jar:/home/auto/.m2/repository/io/netty/netty-handler-proxy/4.1.60.Final/netty-handler-proxy-4.1.60.Final.jar:/home/auto/.m2/repository/io/netty/netty-transport-native-epoll/4.1.60.Final/netty-transport-native-epoll-4.1.60.Final-linux-x86_64.jar:/home/auto/.m2/repository/io/netty/netty-transport-native-kqueue/4.1.60.Final/netty-transport-native-kqueue-4.1.60.Final-osx-x86_64.jar:/home/auto/.m2/repository/org/reactivestreams/reactive-streams/1.0.3/reactive-streams-1.0.3.jar:/home/auto/.m2/repository/com/typesafe/netty/netty-reactive-streams/2.0.4/netty-reactive-streams-2.0.4.jar:/home/auto/.m2/repository/com/sun/activation/jakarta.activation/1.2.2/jakarta.activation-1.2.2.jar:/home/auto/.m2/repository/org/seleniumhq/selenium/selenium-manager/4.8.0/selenium-manager-4.8.0.jar:/home/auto/.m2/repository/org/seleniumhq/selenium/selenium-safari-driver/4.8.0/selenium-safari-driver-4.8.0.jar:/home/auto/.m2/repository/org/seleniumhq/selenium/selenium-support/4.8.0/selenium-support-4.8.0.jar:/home/auto/.m2/repository/org/testng/testng/7.7.1/testng-7.7.1.jar:/home/auto/.m2/repository/org/slf4j/slf4j-api/1.7.36/slf4j-api-1.7.36.jar:/home/auto/.m2/repository/com/beust/jcommander/1.82/jcommander-1.82.jar:/home/auto/.m2/repository/org/webjars/jquery/3.6.1/jquery-3.6.1.jar:/home/auto/.m2/repository/com/everis/continuous-testing/web-automation/4.0.3-SNAPSHOT/web-automation-4.0.3-SNAPSHOT.jar:/home/auto/.m2/repository/org/springframework/boot/spring-boot-starter/2.6.3/spring-boot-starter-2.6.3.jar:/home/auto/.m2/repository/org/springframework/boot/spring-boot/2.6.3/spring-boot-2.6.3.jar:/home/auto/.m2/repository/org/springframework/spring-context/5.3.15/spring-context-5.3.15.jar:/home/auto/.m2/repository/org/springframework/spring-aop/5.3.15/spring-aop-5.3.15.jar:/home/auto/.m2/repository/org/springframework/spring-expression/5.3.15/spring-expression-5.3.15.jar:/home/auto/.m2/repository/org/springframework/boot/spring-boot-autoconfigure/2.6.3/spring-boot-autoconfigure-2.6.3.jar:/home/auto/.m2/repository/org/springframework/boot/spring-boot-starter-logging/2.6.3/spring-boot-starter-logging-2.6.3.jar:/home/auto/.m2/repository/ch/qos/logback/logback-classic/1.2.10/logback-classic-1.2.10.jar:/home/auto/.m2/repository/ch/qos/logback/logback-core/1.2.10/logback-core-1.2.10.jar:/home/auto/.m2/repository/org/apache/logging/log4j/log4j-to-slf4j/2.17.1/log4j-to-slf4j-2.17.1.jar:/home/auto/.m2/repository/org/slf4j/jul-to-slf4j/1.7.33/jul-to-slf4j-1.7.33.jar:/home/auto/.m2/repository/jakarta/annotation/jakarta.annotation-api/1.3.5/jakarta.annotation-api-1.3.5.jar:/home/auto/.m2/repository/org/springframework/spring-core/5.3.15/spring-core-5.3.15.jar:/home/auto/.m2/repository/org/springframework/spring-jcl/5.3.15/spring-jcl-5.3.15.jar:/home/auto/.m2/repository/org/yaml/snakeyaml/1.29/snakeyaml-1.29.jar:/home/auto/.m2/repository/org/springframework/boot/spring-boot-starter-test/2.6.3/spring-boot-starter-test-2.6.3.jar:/home/auto/.m2/repository/org/springframework/boot/spring-boot-test/2.6.3/spring-boot-test-2.6.3.jar:/home/auto/.m2/repository/org/springframework/boot/spring-boot-test-autoconfigure/2.6.3/spring-boot-test-autoconfigure-2.6.3.jar:/home/auto/.m2/repository/com/jayway/jsonpath/json-path/2.6.0/json-path-2.6.0.jar:/home/auto/.m2/repository/net/minidev/json-smart/2.4.7/json-smart-2.4.7.jar:/home/auto/.m2/repository/net/minidev/accessors-smart/2.4.7/accessors-smart-2.4.7.jar:/home/auto/.m2/repository/org/ow2/asm/asm/9.1/asm-9.1.jar:/home/auto/.m2/repository/jakarta/xml/bind/jakarta.xml.bind-api/2.3.3/jakarta.xml.bind-api-2.3.3.jar:/home/auto/.m2/repository/jakarta/activation/jakarta.activation-api/1.2.2/jakarta.activation-api-1.2.2.jar:/home/auto/.m2/repository/org/assertj/assertj-core/3.21.0/assertj-core-3.21.0.jar:/home/auto/.m2/repository/org/hamcrest/hamcrest/2.2/hamcrest-2.2.jar:/home/auto/.m2/repository/org/mockito/mockito-core/4.0.0/mockito-core-4.0.0.jar:/home/auto/.m2/repository/net/bytebuddy/byte-buddy-agent/1.11.19/byte-buddy-agent-1.11.19.jar:/home/auto/.m2/repository/org/objenesis/objenesis/3.2/objenesis-3.2.jar:/home/auto/.m2/repository/org/mockito/mockito-junit-jupiter/4.0.0/mockito-junit-jupiter-4.0.0.jar:/home/auto/.m2/repository/org/junit/jupiter/junit-jupiter-api/5.8.1/junit-jupiter-api-5.8.1.jar:/home/auto/.m2/repository/org/opentest4j/opentest4j/1.2.0/opentest4j-1.2.0.jar:/home/auto/.m2/repository/org/junit/platform/junit-platform-commons/1.8.1/junit-platform-commons-1.8.1.jar:/home/auto/.m2/repository/org/skyscreamer/jsonassert/1.5.0/jsonassert-1.5.0.jar:/home/auto/.m2/repository/com/vaadin/external/google/android-json/0.0.20131108.vaadin1/android-json-0.0.20131108.vaadin1.jar:/home/auto/.m2/repository/org/springframework/spring-test/5.3.15/spring-test-5.3.15.jar:/home/auto/.m2/repository/org/xmlunit/xmlunit-core/2.8.4/xmlunit-core-2.8.4.jar:/home/auto/.m2/repository/org/springframework/boot/spring-boot-starter-jdbc/2.6.3/spring-boot-starter-jdbc-2.6.3.jar:/home/auto/.m2/repository/com/zaxxer/HikariCP/4.0.3/HikariCP-4.0.3.jar:/home/auto/.m2/repository/org/springframework/spring-jdbc/5.3.15/spring-jdbc-5.3.15.jar:/home/auto/.m2/repository/org/springframework/spring-beans/5.3.15/spring-beans-5.3.15.jar:/home/auto/.m2/repository/org/springframework/spring-tx/5.3.15/spring-tx-5.3.15.jar:/home/auto/.m2/repository/org/postgresql/postgresql/42.3.1/postgresql-42.3.1.jar:/home/auto/.m2/repository/org/checkerframework/checker-qual/3.5.0/checker-qual-3.5.0.jar:/home/auto/.m2/repository/io/rest-assured/rest-assured/4.5.1/rest-assured-4.5.1.jar:/home/auto/.m2/repository/org/codehaus/groovy/groovy/3.0.9/groovy-3.0.9.jar:/home/auto/.m2/repository/org/codehaus/groovy/groovy-xml/3.0.9/groovy-xml-3.0.9.jar:/home/auto/.m2/repository/org/apache/httpcomponents/httpclient/4.5.13/httpclient-4.5.13.jar:/home/auto/.m2/repository/org/apache/httpcomponents/httpcore/4.4.13/httpcore-4.4.13.jar:/home/auto/.m2/repository/commons-logging/commons-logging/1.2/commons-logging-1.2.jar:/home/auto/.m2/repository/commons-codec/commons-codec/1.11/commons-codec-1.11.jar:/home/auto/.m2/repository/org/apache/httpcomponents/httpmime/4.5.13/httpmime-4.5.13.jar:/home/auto/.m2/repository/org/ccil/cowan/tagsoup/tagsoup/1.2.1/tagsoup-1.2.1.jar:/home/auto/.m2/repository/io/rest-assured/json-path/4.5.1/json-path-4.5.1.jar:/home/auto/.m2/repository/org/codehaus/groovy/groovy-json/3.0.9/groovy-json-3.0.9.jar:/home/auto/.m2/repository/io/rest-assured/rest-assured-common/4.5.1/rest-assured-common-4.5.1.jar:/home/auto/.m2/repository/io/rest-assured/xml-path/4.5.1/xml-path-4.5.1.jar:/home/auto/.m2/repository/org/apache/commons/commons-lang3/3.11/commons-lang3-3.11.jar:/home/auto/.m2/repository/io/cucumber/cucumber-java/7.2.3/cucumber-java-7.2.3.jar:/home/auto/.m2/repository/io/cucumber/cucumber-core/7.2.3/cucumber-core-7.2.3.jar:/home/auto/.m2/repository/io/cucumber/cucumber-gherkin/7.2.3/cucumber-gherkin-7.2.3.jar:/home/auto/.m2/repository/io/cucumber/cucumber-gherkin-messages/7.2.3/cucumber-gherkin-messages-7.2.3.jar:/home/auto/.m2/repository/io/cucumber/messages/17.1.1/messages-17.1.1.jar:/home/auto/.m2/repository/io/cucumber/tag-expressions/4.1.0/tag-expressions-4.1.0.jar:/home/auto/.m2/repository/io/cucumber/cucumber-expressions/15.0.1/cucumber-expressions-15.0.1.jar:/home/auto/.m2/repository/io/cucumber/datatable/7.2.3/datatable-7.2.3.jar:/home/auto/.m2/repository/io/cucumber/cucumber-plugin/7.2.3/cucumber-plugin-7.2.3.jar:/home/auto/.m2/repository/io/cucumber/docstring/7.2.3/docstring-7.2.3.jar:/home/auto/.m2/repository/io/cucumber/html-formatter/17.0.0/html-formatter-17.0.0.jar:/home/auto/.m2/repository/io/cucumber/ci-environment/8.1.0/ci-environment-8.1.0.jar:/home/auto/.m2/repository/org/apiguardian/apiguardian-api/1.1.2/apiguardian-api-1.1.2.jar:/home/auto/.m2/repository/io/cucumber/cucumber-junit/7.2.3/cucumber-junit-7.2.3.jar:/home/auto/.m2/repository/junit/junit/4.13.2/junit-4.13.2.jar:/home/auto/.m2/repository/org/hamcrest/hamcrest-core/1.3/hamcrest-core-1.3.jar:/home/auto/.m2/repository/io/cucumber/cucumber-spring/7.2.3/cucumber-spring-7.2.3.jar:/home/auto/.m2/repository/org/springframework/spring-aspects/5.3.15/spring-aspects-5.3.15.jar:/home/auto/.m2/repository/org/aspectj/aspectjweaver/1.9.7/aspectjweaver-1.9.7.jar:/home/auto/.m2/repository/org/apache/poi/poi-ooxml/5.1.0/poi-ooxml-5.1.0.jar:/home/auto/.m2/repository/org/apache/poi/poi/5.1.0/poi-5.1.0.jar:/home/auto/.m2/repository/org/apache/commons/commons-math3/3.6.1/commons-math3-3.6.1.jar:/home/auto/.m2/repository/com/zaxxer/SparseBitSet/1.2/SparseBitSet-1.2.jar:/home/auto/.m2/repository/org/apache/poi/poi-ooxml-lite/5.1.0/poi-ooxml-lite-5.1.0.jar:/home/auto/.m2/repository/org/apache/xmlbeans/xmlbeans/5.0.2/xmlbeans-5.0.2.jar:/home/auto/.m2/repository/org/apache/commons/commons-compress/1.21/commons-compress-1.21.jar:/home/auto/.m2/repository/commons-io/commons-io/2.11.0/commons-io-2.11.0.jar:/home/auto/.m2/repository/com/github/virtuald/curvesapi/1.06/curvesapi-1.06.jar:/home/auto/.m2/repository/org/apache/logging/log4j/log4j-api/2.14.1/log4j-api-2.14.1.jar:/home/auto/.m2/repository/org/apache/commons/commons-collections4/4.4/commons-collections4-4.4.jar:/home/auto/.m2/repository/tech/grasshopper/extentreports-cucumber6-adapter/2.8.2/extentreports-cucumber6-adapter-2.8.2.jar:/home/auto/.m2/repository/com/aventstack/extentreports/5.0.6/extentreports-5.0.6.jar:/home/auto/.m2/repository/io/reactivex/rxjava3/rxjava/3.0.4/rxjava-3.0.4.jar:/home/auto/.m2/repository/org/freemarker/freemarker/2.3.30/freemarker-2.3.30.jar:/home/auto/.m2/repository/org/projectlombok/lombok/1.18.12/lombok-1.18.12.jar:/home/auto/.m2/repository/com/google/code/gson/gson/2.8.6/gson-2.8.6.jar:/home/auto/.m2/repository/tech/grasshopper/extent-pdf-report/1.7.2/extent-pdf-report-1.7.2.jar:/home/auto/.m2/repository/tech/grasshopper/cucumber-pdf-report/2.2.3/cucumber-pdf-report-2.2.3.jar:/home/auto/.m2/repository/org/apache/pdfbox/pdfbox/2.0.22/pdfbox-2.0.22.jar:/home/auto/.m2/repository/org/apache/pdfbox/fontbox/2.0.22/fontbox-2.0.22.jar:/home/auto/.m2/repository/org/knowm/xchart/xchart/3.8.0/xchart-3.8.0.jar:/home/auto/.m2/repository/de/erichseifert/vectorgraphics2d/VectorGraphics2D/0.13/VectorGraphics2D-0.13.jar:/home/auto/.m2/repository/de/rototor/pdfbox/graphics2d/0.30/graphics2d-0.30.jar:/home/auto/.m2/repository/com/madgag/animated-gif-lib/1.4/animated-gif-lib-1.4.jar:/home/auto/.m2/repository/tech/grasshopper/table-layout/1.2.0/table-layout-1.2.0.jar:/home/auto/.m2/repository/org/jsoup/jsoup/1.13.1/jsoup-1.13.1.jar:/home/auto/.m2/repository/com/aventstack/klov-reporter/5.0.6/klov-reporter-5.0.6.jar:/home/auto/.m2/repository/org/mongodb/bson/3.6.4/bson-3.6.4.jar:/home/auto/.m2/repository/org/mongodb/mongodb-driver/3.3.0/mongodb-driver-3.3.0.jar:/home/auto/.m2/repository/org/mongodb/mongodb-driver-core/3.3.0/mongodb-driver-core-3.3.0.jar:/home/auto/.m2/repository/io/qameta/allure/allure-cucumber7-jvm/2.17.3/allure-cucumber7-jvm-2.17.3.jar:/home/auto/.m2/repository/io/qameta/allure/allure-java-commons/2.17.3/allure-java-commons-2.17.3.jar:/home/auto/.m2/repository/io/qameta/allure/allure-model/2.17.3/allure-model-2.17.3.jar:/home/auto/.m2/repository/io/cucumber/gherkin/22.0.0/gherkin-22.0.0.jar:/home/auto/.m2/repository/io/cucumber/cucumber-testng/7.2.3/cucumber-testng-7.2.3.jar:/home/auto/.m2/repository/org/openpnp/opencv/4.7.0-0/opencv-4.7.0-0.jar:/home/auto/.m2/repository/org/apache/maven/surefire/surefire-testng-utils/2.22.0/surefire-testng-utils-2.22.0.jar:/home/auto/.m2/repository/org/apache/maven/surefire/surefire-grouper/2.22.0/surefire-grouper-2.22.0.jar:"/>
    <property name="sun.cpu.endian" value="little"/>
    <property name="user.home" value="/home/auto"/>
    <property name="user.language" value="es"/>
    <property name="java.specification.vendor" value="Oracle Corporation"/>
    <property name="java.version.date" value="2023-04-18"/>
    <property name="java.home" value="/usr/lib/jvm/java-11-openjdk-amd64"/>
    <property name="file.separator" value="/"/>
    <property name="basedir" value="/home/auto/Documentos/sym"/>
    <property name="java.vm.compressedOopsMode" value="32-bit"/>
    <property name="line.separator" value="&#10;"/>
    <property name="java.specification.name" value="Java Platform API Specification"/>
    <property name="java.vm.specification.vendor" value="Oracle Corporation"/>
    <property name="java.awt.graphicsenv" value="sun.awt.X11GraphicsEnvironment"/>
    <property name="surefire.real.class.path" value="/home/auto/Documentos/sym/target/surefire/surefirebooter11565460157331714050.jar"/>
    <property name="sun.management.compiler" value="HotSpot 64-Bit Tiered Compilers"/>
    <property name="java.runtime.version" value="11.0.19+7-post-Ubuntu-0ubuntu122.04.1"/>
    <property name="user.name" value="auto"/>
    <property name="path.separator" value=":"/>
    <property name="os.version" value="5.19.0-46-generic"/>
    <property name="java.runtime.name" value="OpenJDK Runtime Environment"/>
    <property name="file.encoding" value="UTF-8"/>
    <property name="java.vm.name" value="OpenJDK 64-Bit Server VM"/>
    <property name="localRepository" value="/home/auto/.m2/repository"/>
    <property name="java.vendor.url.bug" value="https://bugs.launchpad.net/ubuntu/+source/openjdk-lts"/>
    <property name="java.io.tmpdir" value="/tmp"/>
    <property name="java.version" value="11.0.19"/>
    <property name="user.dir" value="/home/auto/Documentos/sym"/>
    <property name="os.arch" value="amd64"/>
    <property name="java.vm.specification.name" value="Java Virtual Machine Specification"/>
    <property name="java.awt.printerjob" value="sun.print.PSPrinterJob"/>
    <property name="sun.os.patch.level" value="unknown"/>
    <property name="java.library.path" value="/usr/java/packages/lib:/usr/lib/x86_64-linux-gnu/jni:/lib/x86_64-linux-gnu:/usr/lib/x86_64-linux-gnu:/usr/lib/jni:/lib:/usr/lib"/>
    <property name="java.vm.info" value="mixed mode, sharing"/>
    <property name="java.vendor" value="Ubuntu"/>
    <property name="java.vm.version" value="11.0.19+7-post-Ubuntu-0ubuntu122.04.1"/>
    <property name="sun.io.unicode.encoding" value="UnicodeLittle"/>
    <property name="java.class.version" value="55.0"/>
  </properties>
</testsuite>